<?xml version="1.0" encoding="UTF-8"?>
<!-- Generated by org.testng.reporters.JUnitReportReporter -->
<testsuite hostname="LAPTOP-8TP6OQIJ" failures="0" tests="1" name="testcases.LoignTestCases" time="0.712" errors="0" timestamp="2023-11-21T07:45:42 IST" skipped="0">
  <testcase classname="testcases.LoignTestCases" name="validLoginTest" time="0.712"/>
  <system-out/>
</testsuite> <!-- testcases.LoignTestCases -->
